0 info it worked if it ends with ok
1 verbose cli [ 'C:\\Program Files\\nodejs\\node.exe',
1 verbose cli   'C:\\Program Files\\nodejs\\node_modules\\npm\\bin\\npm-cli.js',
1 verbose cli   'start' ]
2 info using npm@3.10.8
3 info using node@v6.9.1
4 verbose run-script [ 'prestart', 'start', 'poststart' ]
5 info lifecycle DemoReactFirebase@1.0.0~prestart: DemoReactFirebase@1.0.0
6 silly lifecycle DemoReactFirebase@1.0.0~prestart: no script for prestart, continuing
7 info lifecycle DemoReactFirebase@1.0.0~start: DemoReactFirebase@1.0.0
8 verbose lifecycle DemoReactFirebase@1.0.0~start: unsafe-perm in lifecycle true
9 verbose lifecycle DemoReactFirebase@1.0.0~start: PATH: C:\Program Files\nodejs\node_modules\npm\bin\node-gyp-bin;D:\development\workspace-github\DemoReactFirebase\node_modules\.bin;c:\Program Files (x86)\Intel\iCLS Client\;c:\Program Files\Intel\iCLS Client\;C:\Windows\system32;C:\Windows;C:\Windows\System32\Wbem;C:\Windows\System32\WindowsPowerShell\v1.0\;C:\Program Files (x86)\Intel\OpenCL SDK\3.0\bin\x86;C:\Program Files (x86)\Intel\OpenCL SDK\3.0\bin\x64;C:\Program Files\Intel\WiFi\bin\;C:\Program Files\Common Files\Intel\WirelessCommon\;C:\Program Files\Intel\Intel(R) Management Engine Components\DAL;C:\Program Files\Intel\Intel(R) Management Engine Components\IPT;C:\Program Files (x86)\Intel\Intel(R) Management Engine Components\DAL;C:\Program Files (x86)\Intel\Intel(R) Management Engine Components\IPT;C:\Program Files\OpenVPN\bin;C:\Program Files\Java\jdk1.7.0_75\bin;C:\Program Files\TortoiseSVN\bin;C:\Program Files (x86)\Deployd\bin;C:\Program Files (x86)\Skype\Phone\;C:\instantclient_12_1;C:\Program Files (x86)\Heroku\bin;C:\Program Files (x86)\git\cmd;C:\Program Files (x86)\Brackets\command;C:\Program Files\nodejs\;C:\Program Files\cURL\bin;C:\Program Files\Git\cmd;C:\Program Files\IBM\ODM8_51\ODM\shared\tools\ant\bin;c:\Program Files (x86)\Intel\iCLS Client\;c:\Program Files\Intel\iCLS Client\;C:\Windows\system32;C:\Windows;C:\Windows\System32\Wbem;C:\Windows\System32\WindowsPowerShell\v1.0\;C:\Program Files (x86)\Intel\OpenCL SDK\3.0\bin\x86;C:\Program Files (x86)\Intel\OpenCL SDK\3.0\bin\x64;C:\Program Files\Intel\WiFi\bin\;C:\Program Files\Common Files\Intel\WirelessCommon\;C:\Program Files\Intel\Intel(R) Management Engine Components\DAL;C:\Program Files\Intel\Intel(R) Management Engine Components\IPT;C:\Program Files (x86)\Intel\Intel(R) Management Engine Components\DAL;C:\Program Files (x86)\Intel\Intel(R) Management Engine Components\IPT;C:\Program Files\OpenVPN\bin;C:\Program Files\Java\jdk1.7.0_75\bin;C:\Program Files\TortoiseSVN\bin;C:\Program Files (x86)\Skype\Phone\;C:\Program Files (x86)\Deployd\bin;C:\Program Files (x86)\nodejs\;C:\Users\Reapro\AppData\Local\atom\bin;C:\Program Files\apache-maven-3.3.9\bin;C:\Users\Reapro\AppData\Roaming\npm;C:\Program Files\TortoiseSVN\bin;C:\Program Files\Docker Toolbox
10 verbose lifecycle DemoReactFirebase@1.0.0~start: CWD: D:\development\workspace-github\DemoReactFirebase
11 silly lifecycle DemoReactFirebase@1.0.0~start: Args: [ '/d /s /c', 'npm run build && npm run serve' ]
12 silly lifecycle DemoReactFirebase@1.0.0~start: Returned: code: 1  signal: null
13 info lifecycle DemoReactFirebase@1.0.0~start: Failed to exec start script
14 verbose stack Error: DemoReactFirebase@1.0.0 start: `npm run build && npm run serve`
14 verbose stack Exit status 1
14 verbose stack     at EventEmitter.<anonymous> (C:\Program Files\nodejs\node_modules\npm\lib\utils\lifecycle.js:255:16)
14 verbose stack     at emitTwo (events.js:106:13)
14 verbose stack     at EventEmitter.emit (events.js:191:7)
14 verbose stack     at ChildProcess.<anonymous> (C:\Program Files\nodejs\node_modules\npm\lib\utils\spawn.js:40:14)
14 verbose stack     at emitTwo (events.js:106:13)
14 verbose stack     at ChildProcess.emit (events.js:191:7)
14 verbose stack     at maybeClose (internal/child_process.js:877:16)
14 verbose stack     at Process.ChildProcess._handle.onexit (internal/child_process.js:226:5)
15 verbose pkgid DemoReactFirebase@1.0.0
16 verbose cwd D:\development\workspace-github\DemoReactFirebase
17 error Windows_NT 6.1.7601
18 error argv "C:\\Program Files\\nodejs\\node.exe" "C:\\Program Files\\nodejs\\node_modules\\npm\\bin\\npm-cli.js" "start"
19 error node v6.9.1
20 error npm  v3.10.8
21 error code ELIFECYCLE
22 error DemoReactFirebase@1.0.0 start: `npm run build && npm run serve`
22 error Exit status 1
23 error Failed at the DemoReactFirebase@1.0.0 start script 'npm run build && npm run serve'.
23 error Make sure you have the latest version of node.js and npm installed.
23 error If you do, this is most likely a problem with the DemoReactFirebase package,
23 error not with npm itself.
23 error Tell the author that this fails on your system:
23 error     npm run build && npm run serve
23 error You can get information on how to open an issue for this project with:
23 error     npm bugs DemoReactFirebase
23 error Or if that isn't available, you can get their info via:
23 error     npm owner ls DemoReactFirebase
23 error There is likely additional logging output above.
24 verbose exit [ 1, true ]
